  [1m[36m (31.3ms)[0m  [1mCREATE TABLE "schema_migrations" ("version" varchar NOT NULL) [0m
  [1m[35m (0.0ms)[0m  select sqlite_version(*)
  [1m[36m (31.2ms)[0m  [1mCREATE UNIQUE INDEX "unique_schema_migrations" ON "schema_migrations" ("version")[0m
  [1m[35mActiveRecord::SchemaMigration Load (0.0ms)[0m  SELECT "schema_migrations".* FROM "schema_migrations"
  [1m[36mActiveRecord::SchemaMigration Load (0.0ms)[0m  [1mSELECT "schema_migrations".* FROM "schema_migrations"[0m
Migrating to CreateRestaurants (20160530221547)
  [1m[35m (1.0ms)[0m  begin transaction
  [1m[36m (5.0ms)[0m  [1mCREATE TABLE "restaurants" ("id" INTEGER PRIMARY KEY AUTOINCREMENT NOT NULL, "name" varchar, "street" varchar, "city" varchar, "state" varchar, "country" varchar, "postal_code" varchar, "created_at" datetime NOT NULL, "updated_at" datetime NOT NULL) [0m
  [1m[35mSQL (0.0ms)[0m  INSERT INTO "schema_migrations" ("version") VALUES (?)  [["version", "20160530221547"]]
  [1m[36m (43.0ms)[0m  [1mcommit transaction[0m
  [1m[35mActiveRecord::SchemaMigration Load (0.0ms)[0m  SELECT "schema_migrations".* FROM "schema_migrations"


Started GET "/" for ::1 at 2016-05-30 19:40:14 -0400
  [1m[36mActiveRecord::SchemaMigration Load (0.0ms)[0m  [1mSELECT "schema_migrations".* FROM "schema_migrations"[0m
Processing by Rails::WelcomeController#index as HTML
  Rendered C:/RailsInstaller/Ruby2.2.0/lib/ruby/gems/2.2.0/gems/railties-4.2.6/lib/rails/templates/rails/welcome/index.html.erb (14.0ms)
Completed 200 OK in 214ms (Views: 154.0ms | ActiveRecord: 0.0ms)


Started GET "/restaurants" for ::1 at 2016-05-30 19:41:36 -0400
Processing by RestaurantsController#index as HTML
  Rendered restaurants/index.html.erb within layouts/application (1.0ms)
Completed 200 OK in 4587ms (Views: 4585.9ms | ActiveRecord: 0.0ms)


Started GET "/" for ::1 at 2016-05-30 19:41:51 -0400
Processing by Rails::WelcomeController#index as HTML
  Rendered C:/RailsInstaller/Ruby2.2.0/lib/ruby/gems/2.2.0/gems/railties-4.2.6/lib/rails/templates/rails/welcome/index.html.erb (1.0ms)
Completed 200 OK in 82ms (Views: 81.0ms | ActiveRecord: 0.0ms)
  [1m[36m (0.0ms)[0m  [1mbegin transaction[0m
  [1m[35mSQL (15.6ms)[0m  INSERT INTO "restaurants" ("name", "street", "city", "state", "country", "postal_code", "created_at", "updated_at") VALUES (?, ?, ?, ?, ?, ?, ?, ?)  [["name", "Latour"], ["street", "6 E Ridgewood Ave"], ["city", "Ridgewood"], ["state", "New Jersey"], ["country", "USA"], ["postal_code", "07450"], ["created_at", "2016-05-31 00:04:02.967400"], ["updated_at", "2016-05-31 00:04:02.967400"]]
  [1m[36m (15.7ms)[0m  [1mcommit transaction[0m


Started GET "/restaurants" for ::1 at 2016-05-30 20:07:23 -0400
Processing by RestaurantsController#index as HTML
  Rendered restaurants/index.html.erb within layouts/application (1.0ms)
Completed 200 OK in 240ms (Views: 238.6ms | ActiveRecord: 0.0ms)
  [1m[35mRestaurant Load (0.0ms)[0m  SELECT "restaurants".* FROM "restaurants"
  [1m[36m (0.0ms)[0m  [1mbegin transaction[0m
  [1m[35mSQL (0.0ms)[0m  INSERT INTO "restaurants" ("name", "street", "city", "state", "country", "postal_code", "created_at", "updated_at") VALUES (?, ?, ?, ?, ?, ?, ?, ?)  [["name", "Dai-Kichi"], ["street", "608 Valley Rd"], ["city", "Montclair"], ["state", "New Jersey"], ["country", "USA"], ["postal_code", "07043"], ["created_at", "2016-05-31 00:09:47.102955"], ["updated_at", "2016-05-31 00:09:47.102955"]]
  [1m[36m (15.7ms)[0m  [1mcommit transaction[0m
  [1m[35m (0.0ms)[0m  begin transaction
  [1m[36mSQL (0.0ms)[0m  [1mINSERT INTO "restaurants" ("name", "street", "city", "state", "country", "postal_code", "created_at", "updated_at") VALUES (?, ?, ?, ?, ?, ?, ?, ?)[0m  [["name", "Fascino"], ["street", "331 Bloomfield Ave"], ["city", "Montclair"], ["state", "New Jersey"], ["country", "USA"], ["postal_code", "07042"], ["created_at", "2016-05-31 00:12:38.437324"], ["updated_at", "2016-05-31 00:12:38.437324"]]
  [1m[35m (15.6ms)[0m  commit transaction
  [1m[36mRestaurant Load (0.0ms)[0m  [1mSELECT "restaurants".* FROM "restaurants"[0m
  [1m[35m (0.0ms)[0m  SELECT COUNT(*) FROM "restaurants"


Started GET "/restaurants" for ::1 at 2016-05-30 20:15:30 -0400
Processing by RestaurantsController#index as HTML
  Rendered restaurants/index.html.erb within layouts/application (0.0ms)
Completed 200 OK in 263ms (Views: 261.8ms | ActiveRecord: 0.0ms)


Started GET "/assets/application.self-e80e8f2318043e8af94dddc2adad5a4f09739a8ebb323b3ab31cd71d45fd9113.css?body=1" for ::1 at 2016-05-30 20:15:31 -0400


Started GET "/assets/jquery.self-660adc51e0224b731d29f575a6f1ec167ba08ad06ed5deca4f1e8654c135bf4c.js?body=1" for ::1 at 2016-05-30 20:15:31 -0400


Started GET "/assets/jquery_ujs.self-e87806d0cf4489aeb1bb7288016024e8de67fd18db693fe026fe3907581e53cd.js?body=1" for ::1 at 2016-05-30 20:15:31 -0400


Started GET "/assets/turbolinks.self-c37727e9bd6b2735da5c311aa83fead54ed0be6cc8bd9a65309e9c5abe2cbfff.js?body=1" for ::1 at 2016-05-30 20:15:31 -0400


Started GET "/assets/application.self-3b8dabdc891efe46b9a144b400ad69e37d7e5876bdc39dee783419a69d7ca819.js?body=1" for ::1 at 2016-05-30 20:15:31 -0400


Started GET "/restaurants" for ::1 at 2016-05-30 20:19:22 -0400
Processing by RestaurantsController#index as HTML
  Rendered restaurants/index.html.erb within layouts/application (1.0ms)
Completed 200 OK in 294ms (Views: 278.0ms | ActiveRecord: 0.0ms)


Started GET "/assets/application.self-e80e8f2318043e8af94dddc2adad5a4f09739a8ebb323b3ab31cd71d45fd9113.css?body=1" for ::1 at 2016-05-30 20:19:23 -0400


Started GET "/assets/jquery_ujs.self-e87806d0cf4489aeb1bb7288016024e8de67fd18db693fe026fe3907581e53cd.js?body=1" for ::1 at 2016-05-30 20:19:23 -0400


Started GET "/assets/application.self-3b8dabdc891efe46b9a144b400ad69e37d7e5876bdc39dee783419a69d7ca819.js?body=1" for ::1 at 2016-05-30 20:19:23 -0400


Started GET "/assets/turbolinks.self-c37727e9bd6b2735da5c311aa83fead54ed0be6cc8bd9a65309e9c5abe2cbfff.js?body=1" for ::1 at 2016-05-30 20:19:23 -0400


Started GET "/assets/jquery.self-660adc51e0224b731d29f575a6f1ec167ba08ad06ed5deca4f1e8654c135bf4c.js?body=1" for ::1 at 2016-05-30 20:19:23 -0400


Started GET "/restaurants" for ::1 at 2016-05-30 20:34:09 -0400
Processing by RestaurantsController#index as HTML
  [1m[35mRestaurant Load (1.0ms)[0m  SELECT "restaurants".* FROM "restaurants"
  Rendered restaurants/index.html.erb within layouts/application (32.0ms)
Completed 200 OK in 254ms (Views: 247.2ms | ActiveRecord: 4.0ms)


Started GET "/assets/turbolinks.self-c37727e9bd6b2735da5c311aa83fead54ed0be6cc8bd9a65309e9c5abe2cbfff.js?body=1" for ::1 at 2016-05-30 20:34:10 -0400


Started GET "/assets/application.self-3b8dabdc891efe46b9a144b400ad69e37d7e5876bdc39dee783419a69d7ca819.js?body=1" for ::1 at 2016-05-30 20:34:10 -0400


Started GET "/assets/jquery_ujs.self-e87806d0cf4489aeb1bb7288016024e8de67fd18db693fe026fe3907581e53cd.js?body=1" for ::1 at 2016-05-30 20:34:10 -0400


Started GET "/assets/jquery.self-660adc51e0224b731d29f575a6f1ec167ba08ad06ed5deca4f1e8654c135bf4c.js?body=1" for ::1 at 2016-05-30 20:34:10 -0400


Started GET "/assets/application.self-e80e8f2318043e8af94dddc2adad5a4f09739a8ebb323b3ab31cd71d45fd9113.css?body=1" for ::1 at 2016-05-30 20:34:10 -0400


Started GET "/restaurants" for ::1 at 2016-05-30 20:34:59 -0400
Processing by RestaurantsController#index as HTML
  [1m[36mRestaurant Load (2.0ms)[0m  [1mSELECT "restaurants".* FROM "restaurants"[0m
  Rendered restaurants/index.html.erb within layouts/application (25.0ms)
Completed 200 OK in 279ms (Views: 264.7ms | ActiveRecord: 3.0ms)


Started GET "/assets/turbolinks.self-c37727e9bd6b2735da5c311aa83fead54ed0be6cc8bd9a65309e9c5abe2cbfff.js?body=1" for ::1 at 2016-05-30 20:35:00 -0400


Started GET "/assets/jquery.self-660adc51e0224b731d29f575a6f1ec167ba08ad06ed5deca4f1e8654c135bf4c.js?body=1" for ::1 at 2016-05-30 20:35:00 -0400


Started GET "/assets/jquery_ujs.self-e87806d0cf4489aeb1bb7288016024e8de67fd18db693fe026fe3907581e53cd.js?body=1" for ::1 at 2016-05-30 20:35:00 -0400


Started GET "/assets/application.self-3b8dabdc891efe46b9a144b400ad69e37d7e5876bdc39dee783419a69d7ca819.js?body=1" for ::1 at 2016-05-30 20:35:00 -0400


Started GET "/assets/application.self-e80e8f2318043e8af94dddc2adad5a4f09739a8ebb323b3ab31cd71d45fd9113.css?body=1" for ::1 at 2016-05-30 20:35:00 -0400


Started GET "/restaurants" for ::1 at 2016-05-30 20:35:06 -0400
Processing by RestaurantsController#index as HTML
  [1m[35mRestaurant Load (1.0ms)[0m  SELECT "restaurants".* FROM "restaurants"
  Rendered restaurants/index.html.erb within layouts/application (8.0ms)
Completed 200 OK in 281ms (Views: 277.6ms | ActiveRecord: 1.0ms)


Started GET "/assets/jquery_ujs.self-e87806d0cf4489aeb1bb7288016024e8de67fd18db693fe026fe3907581e53cd.js?body=1" for ::1 at 2016-05-30 20:35:06 -0400


Started GET "/assets/jquery.self-660adc51e0224b731d29f575a6f1ec167ba08ad06ed5deca4f1e8654c135bf4c.js?body=1" for ::1 at 2016-05-30 20:35:06 -0400


Started GET "/assets/application.self-3b8dabdc891efe46b9a144b400ad69e37d7e5876bdc39dee783419a69d7ca819.js?body=1" for ::1 at 2016-05-30 20:35:06 -0400


Started GET "/assets/application.self-e80e8f2318043e8af94dddc2adad5a4f09739a8ebb323b3ab31cd71d45fd9113.css?body=1" for ::1 at 2016-05-30 20:35:07 -0400


Started GET "/assets/turbolinks.self-c37727e9bd6b2735da5c311aa83fead54ed0be6cc8bd9a65309e9c5abe2cbfff.js?body=1" for ::1 at 2016-05-30 20:35:07 -0400


Started GET "/restaurants" for ::1 at 2016-05-30 20:36:21 -0400
Processing by RestaurantsController#index as HTML
  [1m[36mRestaurant Load (2.0ms)[0m  [1mSELECT "restaurants".* FROM "restaurants"[0m
  Rendered restaurants/index.html.erb within layouts/application (27.0ms)
Completed 200 OK in 272ms (Views: 242.2ms | ActiveRecord: 4.0ms)


Started GET "/assets/jquery.self-660adc51e0224b731d29f575a6f1ec167ba08ad06ed5deca4f1e8654c135bf4c.js?body=1" for ::1 at 2016-05-30 20:36:22 -0400


Started GET "/assets/jquery_ujs.self-e87806d0cf4489aeb1bb7288016024e8de67fd18db693fe026fe3907581e53cd.js?body=1" for ::1 at 2016-05-30 20:36:22 -0400


Started GET "/assets/turbolinks.self-c37727e9bd6b2735da5c311aa83fead54ed0be6cc8bd9a65309e9c5abe2cbfff.js?body=1" for ::1 at 2016-05-30 20:36:22 -0400


Started GET "/assets/application.self-3b8dabdc891efe46b9a144b400ad69e37d7e5876bdc39dee783419a69d7ca819.js?body=1" for ::1 at 2016-05-30 20:36:22 -0400


Started GET "/assets/application.self-e80e8f2318043e8af94dddc2adad5a4f09739a8ebb323b3ab31cd71d45fd9113.css?body=1" for ::1 at 2016-05-30 20:36:22 -0400


Started GET "/restaurants" for ::1 at 2016-05-30 20:41:30 -0400
Processing by RestaurantsController#index as HTML
  [1m[35mRestaurant Load (0.0ms)[0m  SELECT "restaurants".* FROM "restaurants"
  Rendered restaurants/index.html.erb within layouts/application (7.0ms)
Completed 200 OK in 217ms (Views: 215.5ms | ActiveRecord: 0.0ms)


Started GET "/assets/jquery_ujs.self-e87806d0cf4489aeb1bb7288016024e8de67fd18db693fe026fe3907581e53cd.js?body=1" for ::1 at 2016-05-30 20:41:30 -0400


Started GET "/assets/turbolinks.self-c37727e9bd6b2735da5c311aa83fead54ed0be6cc8bd9a65309e9c5abe2cbfff.js?body=1" for ::1 at 2016-05-30 20:41:30 -0400


Started GET "/assets/application.self-3b8dabdc891efe46b9a144b400ad69e37d7e5876bdc39dee783419a69d7ca819.js?body=1" for ::1 at 2016-05-30 20:41:30 -0400


Started GET "/assets/jquery.self-660adc51e0224b731d29f575a6f1ec167ba08ad06ed5deca4f1e8654c135bf4c.js?body=1" for ::1 at 2016-05-30 20:41:30 -0400


Started GET "/assets/application.self-e80e8f2318043e8af94dddc2adad5a4f09739a8ebb323b3ab31cd71d45fd9113.css?body=1" for ::1 at 2016-05-30 20:41:30 -0400


Started GET "/" for ::1 at 2016-05-30 20:42:59 -0400
  [1m[36mActiveRecord::SchemaMigration Load (1.0ms)[0m  [1mSELECT "schema_migrations".* FROM "schema_migrations"[0m
Processing by Rails::WelcomeController#index as HTML
  Rendered C:/RailsInstaller/Ruby2.2.0/lib/ruby/gems/2.2.0/gems/railties-4.2.6/lib/rails/templates/rails/welcome/index.html.erb (6.0ms)
Completed 200 OK in 120ms (Views: 87.8ms | ActiveRecord: 0.0ms)


Started GET "/restaurants" for ::1 at 2016-05-30 20:43:03 -0400
Processing by RestaurantsController#index as HTML
  [1m[35mRestaurant Load (1.4ms)[0m  SELECT "restaurants".* FROM "restaurants"
  Rendered restaurants/index.html.erb within layouts/application (28.4ms)
Completed 200 OK in 939ms (Views: 914.4ms | ActiveRecord: 4.4ms)


Started GET "/restaurants" for ::1 at 2016-05-30 20:43:04 -0400
Processing by RestaurantsController#index as HTML
  [1m[36mRestaurant Load (0.0ms)[0m  [1mSELECT "restaurants".* FROM "restaurants"[0m
  Rendered restaurants/index.html.erb within layouts/application (7.0ms)
Completed 200 OK in 212ms (Views: 210.5ms | ActiveRecord: 0.0ms)


Started GET "/restaurants" for ::1 at 2016-05-30 20:50:47 -0400
Processing by RestaurantsController#index as HTML
  [1m[35mRestaurant Load (1.0ms)[0m  SELECT "restaurants".* FROM "restaurants"
  Rendered restaurants/index.html.erb within layouts/application (8.0ms)
Completed 200 OK in 212ms (Views: 209.1ms | ActiveRecord: 1.0ms)


Started GET "/assets/turbolinks.self-c37727e9bd6b2735da5c311aa83fead54ed0be6cc8bd9a65309e9c5abe2cbfff.js?body=1" for ::1 at 2016-05-30 20:50:47 -0400


Started GET "/assets/jquery_ujs.self-e87806d0cf4489aeb1bb7288016024e8de67fd18db693fe026fe3907581e53cd.js?body=1" for ::1 at 2016-05-30 20:50:47 -0400


Started GET "/assets/jquery.self-660adc51e0224b731d29f575a6f1ec167ba08ad06ed5deca4f1e8654c135bf4c.js?body=1" for ::1 at 2016-05-30 20:50:47 -0400


Started GET "/assets/application.self-e80e8f2318043e8af94dddc2adad5a4f09739a8ebb323b3ab31cd71d45fd9113.css?body=1" for ::1 at 2016-05-30 20:50:47 -0400


Started GET "/assets/application.self-3b8dabdc891efe46b9a144b400ad69e37d7e5876bdc39dee783419a69d7ca819.js?body=1" for ::1 at 2016-05-30 20:50:47 -0400


Started GET "/restaurants" for ::1 at 2016-05-30 20:51:14 -0400
Processing by RestaurantsController#index as HTML
  [1m[36mRestaurant Load (1.0ms)[0m  [1mSELECT "restaurants".* FROM "restaurants"[0m
  Rendered restaurants/index.html.erb within layouts/application (6.0ms)
Completed 200 OK in 294ms (Views: 290.3ms | ActiveRecord: 1.0ms)


Started GET "/assets/jquery_ujs.self-e87806d0cf4489aeb1bb7288016024e8de67fd18db693fe026fe3907581e53cd.js?body=1" for ::1 at 2016-05-30 20:51:14 -0400


Started GET "/assets/turbolinks.self-c37727e9bd6b2735da5c311aa83fead54ed0be6cc8bd9a65309e9c5abe2cbfff.js?body=1" for ::1 at 2016-05-30 20:51:15 -0400


Started GET "/assets/application.self-3b8dabdc891efe46b9a144b400ad69e37d7e5876bdc39dee783419a69d7ca819.js?body=1" for ::1 at 2016-05-30 20:51:15 -0400


Started GET "/assets/application.self-e80e8f2318043e8af94dddc2adad5a4f09739a8ebb323b3ab31cd71d45fd9113.css?body=1" for ::1 at 2016-05-30 20:51:15 -0400


Started GET "/assets/jquery.self-660adc51e0224b731d29f575a6f1ec167ba08ad06ed5deca4f1e8654c135bf4c.js?body=1" for ::1 at 2016-05-30 20:51:15 -0400


Started GET "/restaurants" for ::1 at 2016-05-30 20:52:01 -0400
Processing by RestaurantsController#index as HTML
  [1m[35mRestaurant Load (1.0ms)[0m  SELECT "restaurants".* FROM "restaurants"
  Rendered restaurants/index.html.erb within layouts/application (7.0ms)
Completed 200 OK in 231ms (Views: 228.1ms | ActiveRecord: 1.0ms)


Started GET "/assets/jquery.self-660adc51e0224b731d29f575a6f1ec167ba08ad06ed5deca4f1e8654c135bf4c.js?body=1" for ::1 at 2016-05-30 20:52:02 -0400


Started GET "/assets/turbolinks.self-c37727e9bd6b2735da5c311aa83fead54ed0be6cc8bd9a65309e9c5abe2cbfff.js?body=1" for ::1 at 2016-05-30 20:52:02 -0400


Started GET "/assets/application.self-3b8dabdc891efe46b9a144b400ad69e37d7e5876bdc39dee783419a69d7ca819.js?body=1" for ::1 at 2016-05-30 20:52:02 -0400


Started GET "/assets/jquery_ujs.self-e87806d0cf4489aeb1bb7288016024e8de67fd18db693fe026fe3907581e53cd.js?body=1" for ::1 at 2016-05-30 20:52:02 -0400


Started GET "/assets/application.self-e80e8f2318043e8af94dddc2adad5a4f09739a8ebb323b3ab31cd71d45fd9113.css?body=1" for ::1 at 2016-05-30 20:52:02 -0400


Started GET "/restaurants/1" for ::1 at 2016-05-30 20:52:05 -0400
Processing by RestaurantsController#show as HTML
  Parameters: {"id"=>"1"}
  [1m[36mRestaurant Load (0.0ms)[0m  [1mSELECT  "restaurants".* FROM "restaurants" WHERE "restaurants"."id" = ? LIMIT 1[0m  [["id", 1]]
  Rendered restaurants/show.html.erb within layouts/application (15.7ms)
Completed 200 OK in 272ms (Views: 226.3ms | ActiveRecord: 0.0ms)


Started GET "/restaurants" for ::1 at 2016-05-30 20:52:08 -0400
Processing by RestaurantsController#index as HTML
  [1m[35mRestaurant Load (0.0ms)[0m  SELECT "restaurants".* FROM "restaurants"
  Rendered restaurants/index.html.erb within layouts/application (0.0ms)
Completed 200 OK in 219ms (Views: 222.6ms | ActiveRecord: 0.0ms)


Started GET "/restaurants" for ::1 at 2016-05-30 20:53:49 -0400
Processing by RestaurantsController#index as HTML
  [1m[36mRestaurant Load (1.0ms)[0m  [1mSELECT "restaurants".* FROM "restaurants"[0m
  Rendered restaurants/index.html.erb within layouts/application (5.0ms)
Completed 200 OK in 241ms (Views: 238.7ms | ActiveRecord: 1.0ms)


Started GET "/assets/application.self-3b8dabdc891efe46b9a144b400ad69e37d7e5876bdc39dee783419a69d7ca819.js?body=1" for ::1 at 2016-05-30 20:53:50 -0400


Started GET "/assets/jquery_ujs.self-e87806d0cf4489aeb1bb7288016024e8de67fd18db693fe026fe3907581e53cd.js?body=1" for ::1 at 2016-05-30 20:53:50 -0400


Started GET "/assets/jquery.self-660adc51e0224b731d29f575a6f1ec167ba08ad06ed5deca4f1e8654c135bf4c.js?body=1" for ::1 at 2016-05-30 20:53:50 -0400


Started GET "/assets/turbolinks.self-c37727e9bd6b2735da5c311aa83fead54ed0be6cc8bd9a65309e9c5abe2cbfff.js?body=1" for ::1 at 2016-05-30 20:53:50 -0400


Started GET "/assets/application.self-e80e8f2318043e8af94dddc2adad5a4f09739a8ebb323b3ab31cd71d45fd9113.css?body=1" for ::1 at 2016-05-30 20:53:50 -0400


Started GET "/restaurants/1" for ::1 at 2016-05-30 20:53:51 -0400
Processing by RestaurantsController#show as HTML
  Parameters: {"id"=>"1"}
  [1m[35mRestaurant Load (0.0ms)[0m  SELECT  "restaurants".* FROM "restaurants" WHERE "restaurants"."id" = ? LIMIT 1  [["id", 1]]
  Rendered restaurants/show.html.erb within layouts/application (0.0ms)
Completed 200 OK in 267ms (Views: 258.7ms | ActiveRecord: 0.0ms)


Started GET "/restaurants/1" for ::1 at 2016-05-30 20:55:07 -0400
Processing by RestaurantsController#show as HTML
  Parameters: {"id"=>"1"}
  [1m[36mRestaurant Load (0.0ms)[0m  [1mSELECT  "restaurants".* FROM "restaurants" WHERE "restaurants"."id" = ? LIMIT 1[0m  [["id", 1]]
  Rendered restaurants/show.html.erb within layouts/application (2.0ms)
Completed 200 OK in 244ms (Views: 237.2ms | ActiveRecord: 0.0ms)


Started GET "/assets/application.self-3b8dabdc891efe46b9a144b400ad69e37d7e5876bdc39dee783419a69d7ca819.js?body=1" for ::1 at 2016-05-30 20:55:07 -0400


Started GET "/assets/jquery_ujs.self-e87806d0cf4489aeb1bb7288016024e8de67fd18db693fe026fe3907581e53cd.js?body=1" for ::1 at 2016-05-30 20:55:07 -0400


Started GET "/assets/turbolinks.self-c37727e9bd6b2735da5c311aa83fead54ed0be6cc8bd9a65309e9c5abe2cbfff.js?body=1" for ::1 at 2016-05-30 20:55:08 -0400


Started GET "/assets/application.self-e80e8f2318043e8af94dddc2adad5a4f09739a8ebb323b3ab31cd71d45fd9113.css?body=1" for ::1 at 2016-05-30 20:55:08 -0400


Started GET "/assets/jquery.self-660adc51e0224b731d29f575a6f1ec167ba08ad06ed5deca4f1e8654c135bf4c.js?body=1" for ::1 at 2016-05-30 20:55:08 -0400


Started GET "/restaurants/1" for ::1 at 2016-05-30 20:56:23 -0400
Processing by RestaurantsController#show as HTML
  Parameters: {"id"=>"1"}
  [1m[35mRestaurant Load (1.0ms)[0m  SELECT  "restaurants".* FROM "restaurants" WHERE "restaurants"."id" = ? LIMIT 1  [["id", 1]]
  Rendered restaurants/show.html.erb within layouts/application (3.0ms)
Completed 200 OK in 219ms (Views: 213.5ms | ActiveRecord: 1.0ms)


Started GET "/assets/turbolinks.self-c37727e9bd6b2735da5c311aa83fead54ed0be6cc8bd9a65309e9c5abe2cbfff.js?body=1" for ::1 at 2016-05-30 20:56:23 -0400


Started GET "/assets/application.self-3b8dabdc891efe46b9a144b400ad69e37d7e5876bdc39dee783419a69d7ca819.js?body=1" for ::1 at 2016-05-30 20:56:23 -0400


Started GET "/assets/jquery_ujs.self-e87806d0cf4489aeb1bb7288016024e8de67fd18db693fe026fe3907581e53cd.js?body=1" for ::1 at 2016-05-30 20:56:23 -0400


Started GET "/assets/application.self-e80e8f2318043e8af94dddc2adad5a4f09739a8ebb323b3ab31cd71d45fd9113.css?body=1" for ::1 at 2016-05-30 20:56:23 -0400


Started GET "/assets/jquery.self-660adc51e0224b731d29f575a6f1ec167ba08ad06ed5deca4f1e8654c135bf4c.js?body=1" for ::1 at 2016-05-30 20:56:23 -0400


Started GET "/restaurants" for ::1 at 2016-05-30 20:56:32 -0400
Processing by RestaurantsController#index as HTML
  [1m[36mRestaurant Load (0.0ms)[0m  [1mSELECT "restaurants".* FROM "restaurants"[0m
  Rendered restaurants/index.html.erb within layouts/application (15.6ms)
Completed 200 OK in 239ms (Views: 235.5ms | ActiveRecord: 0.0ms)


Started GET "/restaurants/2" for ::1 at 2016-05-30 20:56:35 -0400
Processing by RestaurantsController#show as HTML
  Parameters: {"id"=>"2"}
  [1m[35mRestaurant Load (0.0ms)[0m  SELECT  "restaurants".* FROM "restaurants" WHERE "restaurants"."id" = ? LIMIT 1  [["id", 2]]
  Rendered restaurants/show.html.erb within layouts/application (0.0ms)
Completed 200 OK in 212ms (Views: 206.6ms | ActiveRecord: 0.0ms)


Started GET "/restaurants" for ::1 at 2016-05-30 20:56:37 -0400
Processing by RestaurantsController#index as HTML
  [1m[36mRestaurant Load (0.0ms)[0m  [1mSELECT "restaurants".* FROM "restaurants"[0m
  Rendered restaurants/index.html.erb within layouts/application (0.0ms)
Completed 200 OK in 230ms (Views: 236.8ms | ActiveRecord: 0.0ms)


Started GET "/restaurants/3" for ::1 at 2016-05-30 20:56:39 -0400
Processing by RestaurantsController#show as HTML
  Parameters: {"id"=>"3"}
  [1m[35mRestaurant Load (0.0ms)[0m  SELECT  "restaurants".* FROM "restaurants" WHERE "restaurants"."id" = ? LIMIT 1  [["id", 3]]
  Rendered restaurants/show.html.erb within layouts/application (0.0ms)
Completed 200 OK in 223ms (Views: 223.7ms | ActiveRecord: 0.0ms)


Started GET "/restaurants" for ::1 at 2016-05-30 20:56:43 -0400
Processing by RestaurantsController#index as HTML
  [1m[36mRestaurant Load (0.0ms)[0m  [1mSELECT "restaurants".* FROM "restaurants"[0m
  Rendered restaurants/index.html.erb within layouts/application (15.6ms)
Completed 200 OK in 203ms (Views: 203.4ms | ActiveRecord: 0.0ms)


Started GET "/restaurants/3" for ::1 at 2016-05-30 20:56:46 -0400
Processing by RestaurantsController#show as HTML
  Parameters: {"id"=>"3"}
  [1m[35mRestaurant Load (0.0ms)[0m  SELECT  "restaurants".* FROM "restaurants" WHERE "restaurants"."id" = ? LIMIT 1  [["id", 3]]
  Rendered restaurants/show.html.erb within layouts/application (1.0ms)
Completed 200 OK in 200ms (Views: 199.8ms | ActiveRecord: 0.0ms)


Started GET "/restaurants" for ::1 at 2016-05-30 20:56:48 -0400
Processing by RestaurantsController#index as HTML
  [1m[36mRestaurant Load (0.0ms)[0m  [1mSELECT "restaurants".* FROM "restaurants"[0m
  Rendered restaurants/index.html.erb within layouts/application (0.0ms)
Completed 200 OK in 244ms (Views: 242.7ms | ActiveRecord: 0.0ms)


Started GET "/restaurants/new" for ::1 at 2016-05-30 21:02:34 -0400
Processing by RestaurantsController#new as HTML
  Rendered restaurants/new.html.erb within layouts/application (101.1ms)
Completed 200 OK in 340ms (Views: 312.5ms | ActiveRecord: 2.0ms)


Started GET "/restaurants/new" for ::1 at 2016-05-30 21:03:17 -0400
Processing by RestaurantsController#new as HTML
  Rendered restaurants/new.html.erb within layouts/application (15.0ms)
Completed 200 OK in 258ms (Views: 256.2ms | ActiveRecord: 0.0ms)


Started GET "/assets/jquery_ujs.self-e87806d0cf4489aeb1bb7288016024e8de67fd18db693fe026fe3907581e53cd.js?body=1" for ::1 at 2016-05-30 21:03:17 -0400


Started GET "/assets/jquery.self-660adc51e0224b731d29f575a6f1ec167ba08ad06ed5deca4f1e8654c135bf4c.js?body=1" for ::1 at 2016-05-30 21:03:17 -0400


Started GET "/assets/turbolinks.self-c37727e9bd6b2735da5c311aa83fead54ed0be6cc8bd9a65309e9c5abe2cbfff.js?body=1" for ::1 at 2016-05-30 21:03:17 -0400


Started GET "/assets/application.self-3b8dabdc891efe46b9a144b400ad69e37d7e5876bdc39dee783419a69d7ca819.js?body=1" for ::1 at 2016-05-30 21:03:18 -0400


Started GET "/assets/application.self-e80e8f2318043e8af94dddc2adad5a4f09739a8ebb323b3ab31cd71d45fd9113.css?body=1" for ::1 at 2016-05-30 21:03:18 -0400


Started GET "/restaurants/new" for ::1 at 2016-05-30 21:04:44 -0400
Processing by RestaurantsController#new as HTML
  Rendered restaurants/new.html.erb within layouts/application (12.0ms)
Completed 200 OK in 215ms (Views: 213.7ms | ActiveRecord: 0.0ms)


Started GET "/assets/application.self-3b8dabdc891efe46b9a144b400ad69e37d7e5876bdc39dee783419a69d7ca819.js?body=1" for ::1 at 2016-05-30 21:04:45 -0400


Started GET "/assets/jquery.self-660adc51e0224b731d29f575a6f1ec167ba08ad06ed5deca4f1e8654c135bf4c.js?body=1" for ::1 at 2016-05-30 21:04:45 -0400


Started GET "/assets/jquery_ujs.self-e87806d0cf4489aeb1bb7288016024e8de67fd18db693fe026fe3907581e53cd.js?body=1" for ::1 at 2016-05-30 21:04:45 -0400


Started GET "/assets/turbolinks.self-c37727e9bd6b2735da5c311aa83fead54ed0be6cc8bd9a65309e9c5abe2cbfff.js?body=1" for ::1 at 2016-05-30 21:04:45 -0400


Started GET "/assets/application.self-e80e8f2318043e8af94dddc2adad5a4f09739a8ebb323b3ab31cd71d45fd9113.css?body=1" for ::1 at 2016-05-30 21:04:45 -0400


Started GET "/restaurants/new" for ::1 at 2016-05-30 21:05:22 -0400
Processing by RestaurantsController#new as HTML
  Rendered restaurants/new.html.erb within layouts/application (10.0ms)
Completed 200 OK in 217ms (Views: 215.4ms | ActiveRecord: 0.0ms)


Started GET "/assets/application.self-e80e8f2318043e8af94dddc2adad5a4f09739a8ebb323b3ab31cd71d45fd9113.css?body=1" for ::1 at 2016-05-30 21:05:22 -0400


Started GET "/assets/jquery.self-660adc51e0224b731d29f575a6f1ec167ba08ad06ed5deca4f1e8654c135bf4c.js?body=1" for ::1 at 2016-05-30 21:05:22 -0400


Started GET "/assets/jquery_ujs.self-e87806d0cf4489aeb1bb7288016024e8de67fd18db693fe026fe3907581e53cd.js?body=1" for ::1 at 2016-05-30 21:05:22 -0400


Started GET "/assets/turbolinks.self-c37727e9bd6b2735da5c311aa83fead54ed0be6cc8bd9a65309e9c5abe2cbfff.js?body=1" for ::1 at 2016-05-30 21:05:22 -0400


Started GET "/assets/application.self-3b8dabdc891efe46b9a144b400ad69e37d7e5876bdc39dee783419a69d7ca819.js?body=1" for ::1 at 2016-05-30 21:05:22 -0400


Started GET "/restaurants" for ::1 at 2016-05-30 21:05:26 -0400
Processing by RestaurantsController#index as HTML
  [1m[35mRestaurant Load (0.0ms)[0m  SELECT "restaurants".* FROM "restaurants"
  Rendered restaurants/index.html.erb within layouts/application (0.0ms)
Completed 200 OK in 200ms (Views: 209.5ms | ActiveRecord: 0.0ms)


Started GET "/restaurants/1" for ::1 at 2016-05-30 21:05:27 -0400
Processing by RestaurantsController#show as HTML
  Parameters: {"id"=>"1"}
  [1m[36mRestaurant Load (0.0ms)[0m  [1mSELECT  "restaurants".* FROM "restaurants" WHERE "restaurants"."id" = ? LIMIT 1[0m  [["id", 1]]
  Rendered restaurants/show.html.erb within layouts/application (2.0ms)
Completed 200 OK in 347ms (Views: 350.7ms | ActiveRecord: 0.0ms)


Started GET "/restaurants" for ::1 at 2016-05-30 21:05:29 -0400
Processing by RestaurantsController#index as HTML
  [1m[35mRestaurant Load (0.0ms)[0m  SELECT "restaurants".* FROM "restaurants"
  Rendered restaurants/index.html.erb within layouts/application (0.0ms)
Completed 200 OK in 239ms (Views: 228.7ms | ActiveRecord: 0.0ms)


Started GET "/restaurants/2" for ::1 at 2016-05-30 21:05:30 -0400
Processing by RestaurantsController#show as HTML
  Parameters: {"id"=>"2"}
  [1m[36mRestaurant Load (0.0ms)[0m  [1mSELECT  "restaurants".* FROM "restaurants" WHERE "restaurants"."id" = ? LIMIT 1[0m  [["id", 2]]
  Rendered restaurants/show.html.erb within layouts/application (2.0ms)
Completed 200 OK in 337ms (Views: 337.2ms | ActiveRecord: 0.0ms)


Started GET "/restaurants" for ::1 at 2016-05-30 21:05:31 -0400
Processing by RestaurantsController#index as HTML
  [1m[35mRestaurant Load (0.0ms)[0m  SELECT "restaurants".* FROM "restaurants"
  Rendered restaurants/index.html.erb within layouts/application (15.6ms)
Completed 200 OK in 307ms (Views: 304.9ms | ActiveRecord: 0.0ms)


Started GET "/restaurants/3" for ::1 at 2016-05-30 21:05:33 -0400
Processing by RestaurantsController#show as HTML
  Parameters: {"id"=>"3"}
  [1m[36mRestaurant Load (1.0ms)[0m  [1mSELECT  "restaurants".* FROM "restaurants" WHERE "restaurants"."id" = ? LIMIT 1[0m  [["id", 3]]
  Rendered restaurants/show.html.erb within layouts/application (0.0ms)
Completed 200 OK in 273ms (Views: 268.5ms | ActiveRecord: 1.0ms)


Started GET "/restaurants" for ::1 at 2016-05-30 21:05:35 -0400
Processing by RestaurantsController#index as HTML
  [1m[35mRestaurant Load (0.0ms)[0m  SELECT "restaurants".* FROM "restaurants"
  Rendered restaurants/index.html.erb within layouts/application (15.6ms)
Completed 200 OK in 239ms (Views: 228.7ms | ActiveRecord: 0.0ms)


Started GET "/restaurants" for ::1 at 2016-05-30 21:07:50 -0400
Processing by RestaurantsController#index as HTML
  [1m[36mRestaurant Load (1.0ms)[0m  [1mSELECT "restaurants".* FROM "restaurants"[0m
  Rendered restaurants/index.html.erb within layouts/application (104.1ms)
Completed 500 Internal Server Error in 242ms (ActiveRecord: 1.0ms)

ActionView::Template::Error (undefined local variable or method `new_restaurant' for #<#<Class:0x7036f80>:0x8e83eb8>):
    1: <h1>NorthEastern Restaurants</h1>
    2: 
    3: <h4><%= link_to 'Create', new_restaurant %></h4>
    4: 
    5: <table>
    6:   <tr>
  app/views/restaurants/index.html.erb:3:in `_app_views_restaurants_index_html_erb___990454548_74714700'


  Rendered C:/RailsInstaller/Ruby2.2.0/lib/ruby/gems/2.2.0/gems/actionpack-4.2.6/lib/action_dispatch/middleware/templates/rescues/_source.erb (2.0ms)
  Rendered C:/RailsInstaller/Ruby2.2.0/lib/ruby/gems/2.2.0/gems/actionpack-4.2.6/lib/action_dispatch/middleware/templates/rescues/_trace.html.erb (12.0ms)
  Rendered C:/RailsInstaller/Ruby2.2.0/lib/ruby/gems/2.2.0/gems/actionpack-4.2.6/lib/action_dispatch/middleware/templates/rescues/_request_and_response.html.erb (4.0ms)
  Rendered C:/RailsInstaller/Ruby2.2.0/lib/ruby/gems/2.2.0/gems/actionpack-4.2.6/lib/action_dispatch/middleware/templates/rescues/template_error.html.erb within rescues/layout (2779.9ms)
  Rendered C:/RailsInstaller/Ruby2.2.0/lib/ruby/gems/2.2.0/gems/web-console-2.3.0/lib/web_console/templates/_markup.html.erb (1.0ms)
  Rendered C:/RailsInstaller/Ruby2.2.0/lib/ruby/gems/2.2.0/gems/web-console-2.3.0/lib/web_console/templates/_inner_console_markup.html.erb within layouts/inlined_string (1.0ms)
  Rendered C:/RailsInstaller/Ruby2.2.0/lib/ruby/gems/2.2.0/gems/web-console-2.3.0/lib/web_console/templates/_prompt_box_markup.html.erb within layouts/inlined_string (1.0ms)
  Rendered C:/RailsInstaller/Ruby2.2.0/lib/ruby/gems/2.2.0/gems/web-console-2.3.0/lib/web_console/templates/style.css.erb within layouts/inlined_string (1.0ms)
  Rendered C:/RailsInstaller/Ruby2.2.0/lib/ruby/gems/2.2.0/gems/web-console-2.3.0/lib/web_console/templates/console.js.erb within layouts/javascript (2588.8ms)
  Rendered C:/RailsInstaller/Ruby2.2.0/lib/ruby/gems/2.2.0/gems/web-console-2.3.0/lib/web_console/templates/main.js.erb within layouts/javascript (2.0ms)
  Rendered C:/RailsInstaller/Ruby2.2.0/lib/ruby/gems/2.2.0/gems/web-console-2.3.0/lib/web_console/templates/error_page.js.erb within layouts/javascript (2.0ms)
  Rendered C:/RailsInstaller/Ruby2.2.0/lib/ruby/gems/2.2.0/gems/web-console-2.3.0/lib/web_console/templates/index.html.erb (6070.7ms)


Started GET "/restaurants" for ::1 at 2016-05-30 21:08:37 -0400
Processing by RestaurantsController#index as HTML
  [1m[35mRestaurant Load (1.0ms)[0m  SELECT "restaurants".* FROM "restaurants"
  Rendered restaurants/index.html.erb within layouts/application (6.0ms)
Completed 200 OK in 209ms (Views: 206.9ms | ActiveRecord: 1.0ms)


Started GET "/assets/jquery.self-660adc51e0224b731d29f575a6f1ec167ba08ad06ed5deca4f1e8654c135bf4c.js?body=1" for ::1 at 2016-05-30 21:08:37 -0400


Started GET "/assets/turbolinks.self-c37727e9bd6b2735da5c311aa83fead54ed0be6cc8bd9a65309e9c5abe2cbfff.js?body=1" for ::1 at 2016-05-30 21:08:37 -0400


Started GET "/assets/jquery_ujs.self-e87806d0cf4489aeb1bb7288016024e8de67fd18db693fe026fe3907581e53cd.js?body=1" for ::1 at 2016-05-30 21:08:37 -0400


Started GET "/assets/application.self-3b8dabdc891efe46b9a144b400ad69e37d7e5876bdc39dee783419a69d7ca819.js?body=1" for ::1 at 2016-05-30 21:08:37 -0400


Started GET "/assets/application.self-e80e8f2318043e8af94dddc2adad5a4f09739a8ebb323b3ab31cd71d45fd9113.css?body=1" for ::1 at 2016-05-30 21:08:38 -0400


Started GET "/restaurants/new" for ::1 at 2016-05-30 21:08:40 -0400
Processing by RestaurantsController#new as HTML
  Rendered restaurants/new.html.erb within layouts/application (0.0ms)
Completed 200 OK in 253ms (Views: 248.7ms | ActiveRecord: 0.0ms)


Started GET "/restaurants" for ::1 at 2016-05-30 21:18:39 -0400
Processing by RestaurantsController#index as HTML
  [1m[36mRestaurant Load (0.0ms)[0m  [1mSELECT "restaurants".* FROM "restaurants"[0m
  Rendered restaurants/index.html.erb within layouts/application (0.0ms)
Completed 200 OK in 228ms (Views: 233.7ms | ActiveRecord: 0.0ms)


Started GET "/restaurants/new" for ::1 at 2016-05-30 21:18:41 -0400
Processing by RestaurantsController#new as HTML
  Rendered restaurants/new.html.erb within layouts/application (15.6ms)
Completed 200 OK in 207ms (Views: 207.9ms | ActiveRecord: 0.0ms)


Started GET "/restaurants" for ::1 at 2016-05-30 21:18:43 -0400
Processing by RestaurantsController#index as HTML
  [1m[35mRestaurant Load (0.0ms)[0m  SELECT "restaurants".* FROM "restaurants"
  Rendered restaurants/index.html.erb within layouts/application (15.6ms)
Completed 200 OK in 240ms (Views: 233.3ms | ActiveRecord: 0.0ms)


Started GET "/restaurants/1" for ::1 at 2016-05-30 21:18:46 -0400
Processing by RestaurantsController#show as HTML
  Parameters: {"id"=>"1"}
  [1m[36mRestaurant Load (0.0ms)[0m  [1mSELECT  "restaurants".* FROM "restaurants" WHERE "restaurants"."id" = ? LIMIT 1[0m  [["id", 1]]
  Rendered restaurants/show.html.erb within layouts/application (0.0ms)
Completed 200 OK in 215ms (Views: 212.8ms | ActiveRecord: 0.0ms)


Started GET "/restaurants" for ::1 at 2016-05-30 21:18:47 -0400
Processing by RestaurantsController#index as HTML
  [1m[35mRestaurant Load (0.0ms)[0m  SELECT "restaurants".* FROM "restaurants"
  Rendered restaurants/index.html.erb within layouts/application (0.0ms)
Completed 200 OK in 200ms (Views: 208.6ms | ActiveRecord: 0.0ms)


Started GET "/restaurants" for ::1 at 2016-05-30 21:32:41 -0400
Processing by RestaurantsController#index as HTML
  [1m[36mRestaurant Load (2.0ms)[0m  [1mSELECT "restaurants".* FROM "restaurants"[0m
  Rendered restaurants/index.html.erb within layouts/application (27.0ms)
Completed 200 OK in 324ms (Views: 307.5ms | ActiveRecord: 4.0ms)


Started GET "/assets/jquery.self-660adc51e0224b731d29f575a6f1ec167ba08ad06ed5deca4f1e8654c135bf4c.js?body=1" for ::1 at 2016-05-30 21:32:42 -0400


Started GET "/assets/jquery_ujs.self-e87806d0cf4489aeb1bb7288016024e8de67fd18db693fe026fe3907581e53cd.js?body=1" for ::1 at 2016-05-30 21:32:42 -0400


Started GET "/assets/turbolinks.self-c37727e9bd6b2735da5c311aa83fead54ed0be6cc8bd9a65309e9c5abe2cbfff.js?body=1" for ::1 at 2016-05-30 21:32:42 -0400


Started GET "/assets/application.self-e80e8f2318043e8af94dddc2adad5a4f09739a8ebb323b3ab31cd71d45fd9113.css?body=1" for ::1 at 2016-05-30 21:32:42 -0400


Started GET "/assets/application.self-3b8dabdc891efe46b9a144b400ad69e37d7e5876bdc39dee783419a69d7ca819.js?body=1" for ::1 at 2016-05-30 21:32:42 -0400


Started GET "/restaurants/new" for ::1 at 2016-05-30 21:32:44 -0400
Processing by RestaurantsController#new as HTML
  Rendered restaurants/new.html.erb within layouts/application (15.6ms)
Completed 200 OK in 206ms (Views: 208.4ms | ActiveRecord: 0.0ms)


Started GET "/restaurants/new" for ::1 at 2016-05-30 21:41:43 -0400
Processing by RestaurantsController#new as HTML
  Rendered restaurants/new.html.erb within layouts/application (14.0ms)
Completed 200 OK in 321ms (Views: 289.6ms | ActiveRecord: 3.0ms)


Started GET "/assets/jquery_ujs.self-e87806d0cf4489aeb1bb7288016024e8de67fd18db693fe026fe3907581e53cd.js?body=1" for ::1 at 2016-05-30 21:41:44 -0400


Started GET "/assets/jquery.self-660adc51e0224b731d29f575a6f1ec167ba08ad06ed5deca4f1e8654c135bf4c.js?body=1" for ::1 at 2016-05-30 21:41:44 -0400


Started GET "/assets/application.self-e80e8f2318043e8af94dddc2adad5a4f09739a8ebb323b3ab31cd71d45fd9113.css?body=1" for ::1 at 2016-05-30 21:41:44 -0400


Started GET "/assets/application.self-3b8dabdc891efe46b9a144b400ad69e37d7e5876bdc39dee783419a69d7ca819.js?body=1" for ::1 at 2016-05-30 21:41:44 -0400


Started GET "/assets/turbolinks.self-c37727e9bd6b2735da5c311aa83fead54ed0be6cc8bd9a65309e9c5abe2cbfff.js?body=1" for ::1 at 2016-05-30 21:41:44 -0400


Started GET "/restaurants" for ::1 at 2016-05-30 21:41:46 -0400
Processing by RestaurantsController#index as HTML
  [1m[35mRestaurant Load (0.0ms)[0m  SELECT "restaurants".* FROM "restaurants"
  Rendered restaurants/index.html.erb within layouts/application (0.0ms)
Completed 200 OK in 250ms (Views: 249.4ms | ActiveRecord: 0.0ms)


Started GET "/restaurants/1" for ::1 at 2016-05-30 21:41:53 -0400
Processing by RestaurantsController#show as HTML
  Parameters: {"id"=>"1"}
  [1m[36mRestaurant Load (0.0ms)[0m  [1mSELECT  "restaurants".* FROM "restaurants" WHERE "restaurants"."id" = ? LIMIT 1[0m  [["id", 1]]
  Rendered restaurants/show.html.erb within layouts/application (0.0ms)
Completed 200 OK in 207ms (Views: 205.1ms | ActiveRecord: 0.0ms)


Started GET "/restaurants" for ::1 at 2016-05-30 21:41:59 -0400
Processing by RestaurantsController#index as HTML
  [1m[35mRestaurant Load (0.0ms)[0m  SELECT "restaurants".* FROM "restaurants"
  Rendered restaurants/index.html.erb within layouts/application (0.0ms)
Completed 200 OK in 192ms (Views: 202.5ms | ActiveRecord: 0.0ms)


Started GET "/restaurants" for ::1 at 2016-05-30 21:52:50 -0400
Processing by RestaurantsController#index as HTML
  [1m[36mRestaurant Load (1.0ms)[0m  [1mSELECT "restaurants".* FROM "restaurants"[0m
  Rendered restaurants/index.html.erb within layouts/application (32.0ms)
Completed 200 OK in 254ms (Views: 243.3ms | ActiveRecord: 3.0ms)


Started GET "/assets/application.self-3b8dabdc891efe46b9a144b400ad69e37d7e5876bdc39dee783419a69d7ca819.js?body=1" for ::1 at 2016-05-30 21:52:51 -0400


Started GET "/assets/jquery_ujs.self-e87806d0cf4489aeb1bb7288016024e8de67fd18db693fe026fe3907581e53cd.js?body=1" for ::1 at 2016-05-30 21:52:51 -0400


Started GET "/assets/turbolinks.self-c37727e9bd6b2735da5c311aa83fead54ed0be6cc8bd9a65309e9c5abe2cbfff.js?body=1" for ::1 at 2016-05-30 21:52:51 -0400


Started GET "/assets/application.self-e80e8f2318043e8af94dddc2adad5a4f09739a8ebb323b3ab31cd71d45fd9113.css?body=1" for ::1 at 2016-05-30 21:52:51 -0400


Started GET "/assets/jquery.self-660adc51e0224b731d29f575a6f1ec167ba08ad06ed5deca4f1e8654c135bf4c.js?body=1" for ::1 at 2016-05-30 21:52:51 -0400


Started GET "/restaurants/new" for ::1 at 2016-05-30 21:52:59 -0400
Processing by RestaurantsController#new as HTML
  Rendered restaurants/new.html.erb within layouts/application (15.6ms)
Completed 200 OK in 246ms (Views: 238.9ms | ActiveRecord: 0.0ms)


Started GET "/restaurants/edit" for ::1 at 2016-05-30 21:53:04 -0400
Processing by RestaurantsController#show as HTML
  Parameters: {"id"=>"edit"}
  [1m[35mRestaurant Load (1.0ms)[0m  SELECT  "restaurants".* FROM "restaurants" WHERE "restaurants"."id" = ? LIMIT 1  [["id", 0]]
  Rendered restaurants/show.html.erb within layouts/application (64.0ms)
Completed 500 Internal Server Error in 242ms (ActiveRecord: 1.0ms)

ActionView::Template::Error (No route matches {:action=>"show", :controller=>"restaurants", :id=>nil} missing required keys: [:id]):
    16: 
    17: 
    18: 
    19: <%= link_to 'delete', restaurant_path(@restaurant), method: :delete, data: {confirm: "Are you sure you want to delete this restaurant?"} %> 
    20: 
    21: <h4 style="bottom: 0px; position: fixed;">  <%= link_to 'Return to NorthEastern Restaurants List', restaurants_path %></h4>
  app/views/restaurants/show.html.erb:19:in `_app_views_restaurants_show_html_erb__206745491_83652840'


  Rendered C:/RailsInstaller/Ruby2.2.0/lib/ruby/gems/2.2.0/gems/actionpack-4.2.6/lib/action_dispatch/middleware/templates/rescues/_source.erb (2.0ms)
  Rendered C:/RailsInstaller/Ruby2.2.0/lib/ruby/gems/2.2.0/gems/actionpack-4.2.6/lib/action_dispatch/middleware/templates/rescues/_trace.html.erb (19.0ms)
  Rendered C:/RailsInstaller/Ruby2.2.0/lib/ruby/gems/2.2.0/gems/actionpack-4.2.6/lib/action_dispatch/middleware/templates/rescues/_request_and_response.html.erb (2.0ms)
  Rendered C:/RailsInstaller/Ruby2.2.0/lib/ruby/gems/2.2.0/gems/actionpack-4.2.6/lib/action_dispatch/middleware/templates/rescues/template_error.html.erb within rescues/layout (2772.0ms)
  Rendered C:/RailsInstaller/Ruby2.2.0/lib/ruby/gems/2.2.0/gems/web-console-2.3.0/lib/web_console/templates/_markup.html.erb (2.0ms)
  Rendered C:/RailsInstaller/Ruby2.2.0/lib/ruby/gems/2.2.0/gems/web-console-2.3.0/lib/web_console/templates/_inner_console_markup.html.erb within layouts/inlined_string (2.0ms)
  Rendered C:/RailsInstaller/Ruby2.2.0/lib/ruby/gems/2.2.0/gems/web-console-2.3.0/lib/web_console/templates/_prompt_box_markup.html.erb within layouts/inlined_string (1.0ms)
  Rendered C:/RailsInstaller/Ruby2.2.0/lib/ruby/gems/2.2.0/gems/web-console-2.3.0/lib/web_console/templates/style.css.erb within layouts/inlined_string (2.0ms)
  Rendered C:/RailsInstaller/Ruby2.2.0/lib/ruby/gems/2.2.0/gems/web-console-2.3.0/lib/web_console/templates/console.js.erb within layouts/javascript (2607.9ms)
  Rendered C:/RailsInstaller/Ruby2.2.0/lib/ruby/gems/2.2.0/gems/web-console-2.3.0/lib/web_console/templates/main.js.erb within layouts/javascript (1.0ms)
  Rendered C:/RailsInstaller/Ruby2.2.0/lib/ruby/gems/2.2.0/gems/web-console-2.3.0/lib/web_console/templates/error_page.js.erb within layouts/javascript (2.0ms)
  Rendered C:/RailsInstaller/Ruby2.2.0/lib/ruby/gems/2.2.0/gems/web-console-2.3.0/lib/web_console/templates/index.html.erb (5957.2ms)


Started GET "/restaurants" for ::1 at 2016-05-30 21:53:55 -0400
Processing by RestaurantsController#index as HTML
  [1m[36mRestaurant Load (1.0ms)[0m  [1mSELECT "restaurants".* FROM "restaurants"[0m
  Rendered restaurants/index.html.erb within layouts/application (11.0ms)
Completed 200 OK in 337ms (Views: 332.3ms | ActiveRecord: 1.0ms)


Started GET "/restaurants/1" for ::1 at 2016-05-30 21:53:57 -0400
Processing by RestaurantsController#show as HTML
  Parameters: {"id"=>"1"}
  [1m[35mRestaurant Load (0.0ms)[0m  SELECT  "restaurants".* FROM "restaurants" WHERE "restaurants"."id" = ? LIMIT 1  [["id", 1]]
  Rendered restaurants/show.html.erb within layouts/application (1.0ms)
Completed 200 OK in 284ms (Views: 276.9ms | ActiveRecord: 0.0ms)


Started GET "/restaurants/1/edit" for ::1 at 2016-05-30 21:54:00 -0400
Processing by RestaurantsController#edit as HTML
  Parameters: {"id"=>"1"}
  [1m[36mRestaurant Load (1.0ms)[0m  [1mSELECT  "restaurants".* FROM "restaurants" WHERE "restaurants"."id" = ? LIMIT 1[0m  [["id", 1]]
  Rendered restaurants/edit.html.erb within layouts/application (16.0ms)
Completed 200 OK in 254ms (Views: 246.7ms | ActiveRecord: 1.0ms)


Started GET "/restaurants" for ::1 at 2016-05-30 21:54:07 -0400
Processing by RestaurantsController#index as HTML
  [1m[35mRestaurant Load (0.0ms)[0m  SELECT "restaurants".* FROM "restaurants"
  Rendered restaurants/index.html.erb within layouts/application (0.0ms)
Completed 200 OK in 204ms (Views: 205.1ms | ActiveRecord: 0.0ms)


Started GET "/restaurants" for ::1 at 2016-05-30 21:58:06 -0400
Processing by RestaurantsController#index as HTML
  [1m[36mRestaurant Load (1.0ms)[0m  [1mSELECT "restaurants".* FROM "restaurants"[0m
  Rendered restaurants/index.html.erb within layouts/application (9.0ms)
Completed 200 OK in 228ms (Views: 224.4ms | ActiveRecord: 1.0ms)


Started GET "/assets/turbolinks.self-c37727e9bd6b2735da5c311aa83fead54ed0be6cc8bd9a65309e9c5abe2cbfff.js?body=1" for ::1 at 2016-05-30 21:58:07 -0400


Started GET "/assets/jquery_ujs.self-e87806d0cf4489aeb1bb7288016024e8de67fd18db693fe026fe3907581e53cd.js?body=1" for ::1 at 2016-05-30 21:58:07 -0400


Started GET "/assets/jquery.self-660adc51e0224b731d29f575a6f1ec167ba08ad06ed5deca4f1e8654c135bf4c.js?body=1" for ::1 at 2016-05-30 21:58:07 -0400


Started GET "/assets/application.self-e80e8f2318043e8af94dddc2adad5a4f09739a8ebb323b3ab31cd71d45fd9113.css?body=1" for ::1 at 2016-05-30 21:58:07 -0400


Started GET "/assets/application.self-3b8dabdc891efe46b9a144b400ad69e37d7e5876bdc39dee783419a69d7ca819.js?body=1" for ::1 at 2016-05-30 21:58:07 -0400


Started GET "/restaurants/1" for ::1 at 2016-05-30 21:58:11 -0400
Processing by RestaurantsController#show as HTML
  Parameters: {"id"=>"1"}
  [1m[35mRestaurant Load (0.0ms)[0m  SELECT  "restaurants".* FROM "restaurants" WHERE "restaurants"."id" = ? LIMIT 1  [["id", 1]]
  Rendered restaurants/show.html.erb within layouts/application (0.0ms)
Completed 200 OK in 203ms (Views: 202.8ms | ActiveRecord: 0.0ms)


Started GET "/restaurants/1/edit" for ::1 at 2016-05-30 21:58:13 -0400
Processing by RestaurantsController#edit as HTML
  Parameters: {"id"=>"1"}
  [1m[36mRestaurant Load (0.0ms)[0m  [1mSELECT  "restaurants".* FROM "restaurants" WHERE "restaurants"."id" = ? LIMIT 1[0m  [["id", 1]]
  Rendered restaurants/edit.html.erb within layouts/application (15.6ms)
Completed 200 OK in 224ms (Views: 211.4ms | ActiveRecord: 0.0ms)


Started GET "/restaurants" for ::1 at 2016-05-30 21:58:15 -0400
Processing by RestaurantsController#index as HTML
  [1m[35mRestaurant Load (0.0ms)[0m  SELECT "restaurants".* FROM "restaurants"
  Rendered restaurants/index.html.erb within layouts/application (0.0ms)
Completed 200 OK in 205ms (Views: 218.3ms | ActiveRecord: 0.0ms)


Started GET "/restaurants/new" for ::1 at 2016-05-30 22:06:40 -0400
Processing by RestaurantsController#new as HTML
  Rendered restaurants/new.html.erb within layouts/application (0.0ms)
Completed 200 OK in 237ms (Views: 227.1ms | ActiveRecord: 0.0ms)


Started POST "/restaurants" for ::1 at 2016-05-30 22:08:54 -0400
Processing by RestaurantsController#create as HTML
  Parameters: {"utf8"=>"✓", "authenticity_token"=>"l/9EcwtLftJBfkecq/h1RaIKYkQfGIPDdobLtUDZD6QndZ1s3vsPSUk57AhNoC2drivubg+Mdz/jlmbfS/Og8w==", "restaurant"=>{"name"=>"Churrascaria Plataforma", "street"=>"316 W 49th St", "city"=>"New York", "state"=>"New York", "country"=>"USA", "postal_code"=>"10019"}, "commit"=>"Create Restaurant"}
  [1m[36m (1.0ms)[0m  [1mbegin transaction[0m
  [1m[35mSQL (2.0ms)[0m  INSERT INTO "restaurants" ("name", "street", "city", "state", "country", "postal_code", "created_at", "updated_at") VALUES (?, ?, ?, ?, ?, ?, ?, ?)  [["name", "Churrascaria Plataforma"], ["street", "316 W 49th St"], ["city", "New York"], ["state", "New York"], ["country", "USA"], ["postal_code", "10019"], ["created_at", "2016-05-31 02:08:54.712321"], ["updated_at", "2016-05-31 02:08:54.712321"]]
  [1m[36m (23.5ms)[0m  [1mcommit transaction[0m
Redirected to http://localhost:3000/restaurants
Completed 302 Found in 46ms (ActiveRecord: 26.5ms)


Started GET "/restaurants" for ::1 at 2016-05-30 22:08:54 -0400
Processing by RestaurantsController#index as HTML
  [1m[35mRestaurant Load (1.0ms)[0m  SELECT "restaurants".* FROM "restaurants"
  Rendered restaurants/index.html.erb within layouts/application (9.0ms)
Completed 200 OK in 203ms (Views: 201.0ms | ActiveRecord: 1.0ms)


Started GET "/restaurants/new" for ::1 at 2016-05-30 22:08:58 -0400
Processing by RestaurantsController#new as HTML
  Rendered restaurants/new.html.erb within layouts/application (0.0ms)
Completed 200 OK in 233ms (Views: 218.8ms | ActiveRecord: 0.0ms)


Started POST "/restaurants" for ::1 at 2016-05-30 22:10:27 -0400
Processing by RestaurantsController#create as HTML
  Parameters: {"utf8"=>"✓", "authenticity_token"=>"R1FiI2HwYof9qP+48k18sk/gXkf2MRMYr1BGhwIfHYX327s8tEATHPXvVCwUFSRqQ8HSbeal5+Q6QOvtCTWy0g==", "restaurant"=>{"name"=>"The Capital Grille ", "street"=>"44 Front St", "city"=>"Hartford", "state"=>"Connecticut", "country"=>"USA", "postal_code"=>"06103"}, "commit"=>"Create Restaurant"}
  [1m[36m (0.0ms)[0m  [1mbegin transaction[0m
  [1m[35mSQL (2.0ms)[0m  INSERT INTO "restaurants" ("name", "street", "city", "state", "country", "postal_code", "created_at", "updated_at") VALUES (?, ?, ?, ?, ?, ?, ?, ?)  [["name", "The Capital Grille "], ["street", "44 Front St"], ["city", "Hartford"], ["state", "Connecticut"], ["country", "USA"], ["postal_code", "06103"], ["created_at", "2016-05-31 02:10:27.493489"], ["updated_at", "2016-05-31 02:10:27.493489"]]
  [1m[36m (27.5ms)[0m  [1mcommit transaction[0m
Redirected to http://localhost:3000/restaurants
Completed 302 Found in 46ms (ActiveRecord: 29.5ms)


Started GET "/restaurants" for ::1 at 2016-05-30 22:10:27 -0400
Processing by RestaurantsController#index as HTML
  [1m[35mRestaurant Load (1.0ms)[0m  SELECT "restaurants".* FROM "restaurants"
  Rendered restaurants/index.html.erb within layouts/application (8.0ms)
Completed 200 OK in 225ms (Views: 222.9ms | ActiveRecord: 1.0ms)


Started GET "/restaurants/5" for ::1 at 2016-05-30 22:10:39 -0400
Processing by RestaurantsController#show as HTML
  Parameters: {"id"=>"5"}
  [1m[36mRestaurant Load (0.0ms)[0m  [1mSELECT  "restaurants".* FROM "restaurants" WHERE "restaurants"."id" = ? LIMIT 1[0m  [["id", 5]]
  Rendered restaurants/show.html.erb within layouts/application (0.0ms)
Completed 200 OK in 239ms (Views: 236.3ms | ActiveRecord: 0.0ms)


Started DELETE "/restaurants/5" for ::1 at 2016-05-30 22:10:53 -0400
Processing by RestaurantsController#destroy as HTML
  Parameters: {"authenticity_token"=>"zYhHgH/XZGfsGmxS71exyoz/EhAO+5fd7QWqu9bkub59Ap6fqmcV/ORdx8YJD+kSgN6eOh5vYyF4FQfR3c4W6Q==", "id"=>"5"}
  [1m[35mRestaurant Load (1.0ms)[0m  SELECT  "restaurants".* FROM "restaurants" WHERE "restaurants"."id" = ? LIMIT 1  [["id", 5]]
  [1m[36mSQL (33.0ms)[0m  [1mDELETE FROM "restaurants" WHERE "restaurants"."id" = ?[0m  [["id", 5]]
Redirected to http://localhost:3000/restaurants
Completed 302 Found in 55ms (ActiveRecord: 34.0ms)


Started GET "/restaurants" for ::1 at 2016-05-30 22:10:53 -0400
Processing by RestaurantsController#index as HTML
  [1m[35mRestaurant Load (1.0ms)[0m  SELECT "restaurants".* FROM "restaurants"
  Rendered restaurants/index.html.erb within layouts/application (6.0ms)
Completed 200 OK in 220ms (Views: 217.4ms | ActiveRecord: 1.0ms)


Started GET "/restaurants/new" for ::1 at 2016-05-30 22:10:56 -0400
Processing by RestaurantsController#new as HTML
  Rendered restaurants/new.html.erb within layouts/application (0.0ms)
Completed 200 OK in 269ms (Views: 265.6ms | ActiveRecord: 0.0ms)


Started POST "/restaurants" for ::1 at 2016-05-30 22:11:24 -0400
Processing by RestaurantsController#create as HTML
  Parameters: {"utf8"=>"✓", "authenticity_token"=>"afVFfrYhQh0jwEnOtjm3K4dCiXGixKue0+6en4NNEL/Zf5xhY5EzhiuH4lpQYe/zi2MFW7JQX2JG/jP1iGe/6A==", "restaurant"=>{"name"=>"The Capital Grille ", "street"=>"44 Front St", "city"=>"Hartford", "state"=>"Connecticut", "country"=>"USA", "postal_code"=>"06103"}, "commit"=>"Create Restaurant"}
  [1m[36m (0.0ms)[0m  [1mbegin transaction[0m
  [1m[35mSQL (3.0ms)[0m  INSERT INTO "restaurants" ("name", "street", "city", "state", "country", "postal_code", "created_at", "updated_at") VALUES (?, ?, ?, ?, ?, ?, ?, ?)  [["name", "The Capital Grille "], ["street", "44 Front St"], ["city", "Hartford"], ["state", "Connecticut"], ["country", "USA"], ["postal_code", "06103"], ["created_at", "2016-05-31 02:11:24.265673"], ["updated_at", "2016-05-31 02:11:24.265673"]]
  [1m[36m (30.0ms)[0m  [1mcommit transaction[0m
Redirected to http://localhost:3000/restaurants
Completed 302 Found in 49ms (ActiveRecord: 33.0ms)


Started GET "/restaurants" for ::1 at 2016-05-30 22:11:24 -0400
Processing by RestaurantsController#index as HTML
  [1m[35mRestaurant Load (1.0ms)[0m  SELECT "restaurants".* FROM "restaurants"
  Rendered restaurants/index.html.erb within layouts/application (8.0ms)
Completed 200 OK in 211ms (Views: 208.4ms | ActiveRecord: 1.0ms)


Started GET "/restaurants/6/edit" for ::1 at 2016-05-30 22:11:35 -0400
Processing by RestaurantsController#edit as HTML
  Parameters: {"id"=>"6"}
  [1m[36mRestaurant Load (0.0ms)[0m  [1mSELECT  "restaurants".* FROM "restaurants" WHERE "restaurants"."id" = ? LIMIT 1[0m  [["id", 6]]
  Rendered restaurants/edit.html.erb within layouts/application (15.6ms)
Completed 200 OK in 247ms (Views: 242.1ms | ActiveRecord: 0.0ms)


Started GET "/restaurants" for ::1 at 2016-05-30 22:11:40 -0400
Processing by RestaurantsController#index as HTML
  [1m[35mRestaurant Load (0.0ms)[0m  SELECT "restaurants".* FROM "restaurants"
  Rendered restaurants/index.html.erb within layouts/application (15.6ms)
Completed 200 OK in 232ms (Views: 230.1ms | ActiveRecord: 0.0ms)


Started GET "/restaurants/6/edit" for ::1 at 2016-05-30 22:11:42 -0400
Processing by RestaurantsController#edit as HTML
  Parameters: {"id"=>"6"}
  [1m[36mRestaurant Load (0.0ms)[0m  [1mSELECT  "restaurants".* FROM "restaurants" WHERE "restaurants"."id" = ? LIMIT 1[0m  [["id", 6]]
  Rendered restaurants/edit.html.erb within layouts/application (15.6ms)
Completed 200 OK in 248ms (Views: 247.4ms | ActiveRecord: 0.0ms)


Started GET "/restaurants" for ::1 at 2016-05-30 22:11:43 -0400
Processing by RestaurantsController#index as HTML
  [1m[35mRestaurant Load (15.6ms)[0m  SELECT "restaurants".* FROM "restaurants"
  Rendered restaurants/index.html.erb within layouts/application (23.4ms)
Completed 200 OK in 272ms (Views: 247.9ms | ActiveRecord: 15.6ms)


Started GET "/restaurants/6" for ::1 at 2016-05-30 22:11:45 -0400
Processing by RestaurantsController#show as HTML
  Parameters: {"id"=>"6"}
  [1m[36mRestaurant Load (0.0ms)[0m  [1mSELECT  "restaurants".* FROM "restaurants" WHERE "restaurants"."id" = ? LIMIT 1[0m  [["id", 6]]
  Rendered restaurants/show.html.erb within layouts/application (0.0ms)
Completed 200 OK in 234ms (Views: 226.4ms | ActiveRecord: 0.0ms)


Started GET "/restaurants" for ::1 at 2016-05-30 22:12:00 -0400
Processing by RestaurantsController#index as HTML
  [1m[35mRestaurant Load (0.0ms)[0m  SELECT "restaurants".* FROM "restaurants"
  Rendered restaurants/index.html.erb within layouts/application (15.6ms)
Completed 200 OK in 247ms (Views: 245.8ms | ActiveRecord: 0.0ms)


Started GET "/restaurants" for ::1 at 2016-05-30 23:08:45 -0400
Processing by RestaurantsController#index as HTML
  [1m[36mRestaurant Load (0.0ms)[0m  [1mSELECT "restaurants".* FROM "restaurants"[0m
  Rendered restaurants/index.html.erb within layouts/application (28.0ms)
Completed 200 OK in 260ms (Views: 244.9ms | ActiveRecord: 4.0ms)


Started GET "/assets/jquery_ujs.self-e87806d0cf4489aeb1bb7288016024e8de67fd18db693fe026fe3907581e53cd.js?body=1" for ::1 at 2016-05-30 23:08:45 -0400


Started GET "/assets/application.self-3b8dabdc891efe46b9a144b400ad69e37d7e5876bdc39dee783419a69d7ca819.js?body=1" for ::1 at 2016-05-30 23:08:45 -0400


Started GET "/assets/jquery.self-660adc51e0224b731d29f575a6f1ec167ba08ad06ed5deca4f1e8654c135bf4c.js?body=1" for ::1 at 2016-05-30 23:08:45 -0400


Started GET "/assets/application.self-e80e8f2318043e8af94dddc2adad5a4f09739a8ebb323b3ab31cd71d45fd9113.css?body=1" for ::1 at 2016-05-30 23:08:46 -0400


Started GET "/assets/turbolinks.self-c37727e9bd6b2735da5c311aa83fead54ed0be6cc8bd9a65309e9c5abe2cbfff.js?body=1" for ::1 at 2016-05-30 23:08:46 -0400


Started GET "/restaurants/new" for ::1 at 2016-05-30 23:08:48 -0400
Processing by RestaurantsController#new as HTML
  Rendered restaurants/new.html.erb within layouts/application (0.0ms)
Completed 200 OK in 227ms (Views: 225.0ms | ActiveRecord: 0.0ms)


Started POST "/restaurants" for ::1 at 2016-05-30 23:09:12 -0400
Processing by RestaurantsController#create as HTML
  Parameters: {"utf8"=>"✓", "authenticity_token"=>"wdA/vJ5zcdroR7uV7pXBzyP1U8kDe2Qfxb1KV7NqURpxWuajS8MAQeAAEAEIzZkXL9Tf4xPvkONQrec9uED+TQ==", "restaurant"=>{"name"=>"", "street"=>"me st", "city"=>"clifton", "state"=>"nj", "country"=>"usa", "postal_code"=>"00000"}, "commit"=>"Create Restaurant"}
  [1m[35m (0.0ms)[0m  begin transaction
  [1m[36m (0.0ms)[0m  [1mrollback transaction[0m
  Rendered restaurants/new.html.erb within layouts/application (8.0ms)
Completed 200 OK in 292ms (Views: 277.4ms | ActiveRecord: 0.0ms)


Started POST "/restaurants" for ::1 at 2016-05-30 23:09:19 -0400
Processing by RestaurantsController#create as HTML
  Parameters: {"utf8"=>"✓", "authenticity_token"=>"Ghcwx6nHmeUMEf+G9C+vhb6UmR+FDDyeFsx28cpcp3OqnenYfHfofgRWVBISd/ddsrUVNZWYyGKD3NubwXYIJA==", "restaurant"=>{"name"=>"hey", "street"=>"me st", "city"=>"clifton", "state"=>"nj", "country"=>"usa", "postal_code"=>"00000"}, "commit"=>"Create Restaurant"}
  [1m[35m (0.0ms)[0m  begin transaction
  [1m[36mSQL (0.0ms)[0m  [1mINSERT INTO "restaurants" ("name", "street", "city", "state", "country", "postal_code", "created_at", "updated_at") VALUES (?, ?, ?, ?, ?, ?, ?, ?)[0m  [["name", "hey"], ["street", "me st"], ["city", "clifton"], ["state", "nj"], ["country", "usa"], ["postal_code", "00000"], ["created_at", "2016-05-31 03:09:19.896709"], ["updated_at", "2016-05-31 03:09:19.896709"]]
  [1m[35m (24.0ms)[0m  commit transaction
Redirected to http://localhost:3000/restaurants
Completed 302 Found in 48ms (ActiveRecord: 24.0ms)


Started GET "/restaurants" for ::1 at 2016-05-30 23:09:19 -0400
Processing by RestaurantsController#index as HTML
  [1m[36mRestaurant Load (0.0ms)[0m  [1mSELECT "restaurants".* FROM "restaurants"[0m
  Rendered restaurants/index.html.erb within layouts/application (8.0ms)
Completed 200 OK in 220ms (Views: 220.4ms | ActiveRecord: 0.0ms)


Started DELETE "/restaurants/7" for ::1 at 2016-05-30 23:09:23 -0400
Processing by RestaurantsController#destroy as HTML
  Parameters: {"authenticity_token"=>"ft3ziY94UIiq0NIg5bJZBBNvHSlL9JTxnbrmAodUp9jOVyqWWsghE6KXebQD6gHcH06RA1tgYA0IqktojH4Ijw==", "id"=>"7"}
  [1m[35mRestaurant Load (0.0ms)[0m  SELECT  "restaurants".* FROM "restaurants" WHERE "restaurants"."id" = ? LIMIT 1  [["id", 7]]
  [1m[36mSQL (20.0ms)[0m  [1mDELETE FROM "restaurants" WHERE "restaurants"."id" = ?[0m  [["id", 7]]
Redirected to http://localhost:3000/restaurants
Completed 302 Found in 40ms (ActiveRecord: 20.0ms)


Started GET "/restaurants" for ::1 at 2016-05-30 23:09:24 -0400
Processing by RestaurantsController#index as HTML
  [1m[35mRestaurant Load (0.0ms)[0m  SELECT "restaurants".* FROM "restaurants"
  Rendered restaurants/index.html.erb within layouts/application (24.0ms)
Completed 200 OK in 252ms (Views: 251.8ms | ActiveRecord: 0.0ms)
